<?xml version="1.0" encoding="UTF-8"?>
<!-- Generated by org.testng.reporters.JUnitXMLReporter -->
<testsuite ignored="1" hostname="Srihithas-MacBook-Pro.local" failures="0" tests="3" name="Default test" time="0.025" errors="0" timestamp="2025-08-26T15:28:30 IST">
  <testcase classname="pac1.TC0010_groups" name="test2" time="0.006"/>
  <testcase classname="pac1.TC0010_groups" name="test3" time="0.0"/>
  <testcase classname="pac1.TC0010_groups" name="test4" time="0.001"/>
  <testcase classname="pac1.TC0010_groups" name="test1" time="0.0">
    <ignored/>
  </testcase> <!-- test1 -->
</testsuite> <!-- Default test -->
