<?xml version="1.0" encoding="UTF-8"?>
<testng-results ignored="0" total="6" passed="6" failed="0" skipped="0">
  <reporter-output>
  </reporter-output>
  <suite started-at="2025-08-26T16:25:39 IST" name="Multi-Class Cross-Browser Suite" finished-at="2025-08-26T16:25:49 IST" duration-ms="9921">
    <groups>
    </groups>
    <test started-at="2025-08-26T16:25:39 IST" name="ChromeTest" finished-at="2025-08-26T16:25:45 IST" duration-ms="5963">
      <class name="pac1.Lab9TestNG4">
        <test-method is-config="true" signature="setUp(java.lang.String)[pri:0, instance:pac1.Lab9TestNG4@79924b]" started-at="2025-08-26T16:25:39 IST" name="setUp" finished-at="2025-08-26T16:25:41 IST" duration-ms="1697" status="PASS">
          <params>
            <param index="0">
              <value>
                <![CDATA[chrome]]>
              </value>
            </param>
          </params>
          <reporter-output>
          </reporter-output>
        </test-method> <!-- setUp -->
        <test-method signature="searchFunctionalityTest()[pri:0, instance:pac1.Lab9TestNG4@79924b]" started-at="2025-08-26T16:25:41 IST" name="searchFunctionalityTest" finished-at="2025-08-26T16:25:42 IST" duration-ms="1087" status="PASS">
          <reporter-output>
          </reporter-output>
        </test-method> <!-- searchFunctionalityTest -->
        <test-method is-config="true" signature="tearDown()[pri:0, instance:pac1.Lab9TestNG4@79924b]" started-at="2025-08-26T16:25:42 IST" name="tearDown" finished-at="2025-08-26T16:25:42 IST" duration-ms="179" status="PASS">
          <reporter-output>
          </reporter-output>
        </test-method> <!-- tearDown -->
      </class> <!-- pac1.Lab9TestNG4 -->
      <class name="pac1.Lab9TestNG3">
        <test-method is-config="true" signature="setUp(java.lang.String)[pri:0, instance:pac1.Lab9TestNG3@10e31a9a]" started-at="2025-08-26T16:25:42 IST" name="setUp" finished-at="2025-08-26T16:25:44 IST" duration-ms="1895" status="PASS">
          <params>
            <param index="0">
              <value>
                <![CDATA[chrome]]>
              </value>
            </param>
          </params>
          <reporter-output>
          </reporter-output>
        </test-method> <!-- setUp -->
        <test-method signature="lab3()[pri:0, instance:pac1.Lab9TestNG3@10e31a9a]" started-at="2025-08-26T16:25:44 IST" name="lab3" finished-at="2025-08-26T16:25:45 IST" duration-ms="983" status="PASS">
          <reporter-output>
          </reporter-output>
        </test-method> <!-- lab3 -->
        <test-method is-config="true" signature="tearDown()[pri:0, instance:pac1.Lab9TestNG3@10e31a9a]" started-at="2025-08-26T16:25:45 IST" name="tearDown" finished-at="2025-08-26T16:25:45 IST" duration-ms="100" status="PASS">
          <reporter-output>
          </reporter-output>
        </test-method> <!-- tearDown -->
      </class> <!-- pac1.Lab9TestNG3 -->
    </test> <!-- ChromeTest -->
    <test started-at="2025-08-26T16:25:39 IST" name="EdgeTest" finished-at="2025-08-26T16:25:46 IST" duration-ms="6608">
      <class name="pac1.Lab9TestNG4">
        <test-method is-config="true" signature="setUp(java.lang.String)[pri:0, instance:pac1.Lab9TestNG4@459e9125]" started-at="2025-08-26T16:25:39 IST" name="setUp" finished-at="2025-08-26T16:25:42 IST" duration-ms="2868" status="PASS">
          <params>
            <param index="0">
              <value>
                <![CDATA[edge]]>
              </value>
            </param>
          </params>
          <reporter-output>
          </reporter-output>
        </test-method> <!-- setUp -->
        <test-method signature="searchFunctionalityTest()[pri:0, instance:pac1.Lab9TestNG4@459e9125]" started-at="2025-08-26T16:25:42 IST" name="searchFunctionalityTest" finished-at="2025-08-26T16:25:43 IST" duration-ms="795" status="PASS">
          <reporter-output>
          </reporter-output>
        </test-method> <!-- searchFunctionalityTest -->
        <test-method is-config="true" signature="tearDown()[pri:0, instance:pac1.Lab9TestNG4@459e9125]" started-at="2025-08-26T16:25:43 IST" name="tearDown" finished-at="2025-08-26T16:25:43 IST" duration-ms="120" status="PASS">
          <reporter-output>
          </reporter-output>
        </test-method> <!-- tearDown -->
      </class> <!-- pac1.Lab9TestNG4 -->
      <class name="pac1.Lab9TestNG3">
        <test-method is-config="true" signature="setUp(java.lang.String)[pri:0, instance:pac1.Lab9TestNG3@128d2484]" started-at="2025-08-26T16:25:43 IST" name="setUp" finished-at="2025-08-26T16:25:45 IST" duration-ms="1851" status="PASS">
          <params>
            <param index="0">
              <value>
                <![CDATA[edge]]>
              </value>
            </param>
          </params>
          <reporter-output>
          </reporter-output>
        </test-method> <!-- setUp -->
        <test-method signature="lab3()[pri:0, instance:pac1.Lab9TestNG3@128d2484]" started-at="2025-08-26T16:25:45 IST" name="lab3" finished-at="2025-08-26T16:25:46 IST" duration-ms="859" status="PASS">
          <reporter-output>
          </reporter-output>
        </test-method> <!-- lab3 -->
        <test-method is-config="true" signature="tearDown()[pri:0, instance:pac1.Lab9TestNG3@128d2484]" started-at="2025-08-26T16:25:46 IST" name="tearDown" finished-at="2025-08-26T16:25:46 IST" duration-ms="97" status="PASS">
          <reporter-output>
          </reporter-output>
        </test-method> <!-- tearDown -->
      </class> <!-- pac1.Lab9TestNG3 -->
    </test> <!-- EdgeTest -->
    <test started-at="2025-08-26T16:25:39 IST" name="FireFoxTest" finished-at="2025-08-26T16:25:49 IST" duration-ms="9921">
      <class name="pac1.Lab9TestNG4">
        <test-method is-config="true" signature="setUp(java.lang.String)[pri:0, instance:pac1.Lab9TestNG4@4c583ecf]" started-at="2025-08-26T16:25:39 IST" name="setUp" finished-at="2025-08-26T16:25:44 IST" duration-ms="4203" status="PASS">
          <params>
            <param index="0">
              <value>
                <![CDATA[firefox]]>
              </value>
            </param>
          </params>
          <reporter-output>
          </reporter-output>
        </test-method> <!-- setUp -->
        <test-method signature="searchFunctionalityTest()[pri:0, instance:pac1.Lab9TestNG4@4c583ecf]" started-at="2025-08-26T16:25:44 IST" name="searchFunctionalityTest" finished-at="2025-08-26T16:25:44 IST" duration-ms="767" status="PASS">
          <reporter-output>
          </reporter-output>
        </test-method> <!-- searchFunctionalityTest -->
        <test-method is-config="true" signature="tearDown()[pri:0, instance:pac1.Lab9TestNG4@4c583ecf]" started-at="2025-08-26T16:25:44 IST" name="tearDown" finished-at="2025-08-26T16:25:45 IST" duration-ms="507" status="PASS">
          <reporter-output>
          </reporter-output>
        </test-method> <!-- tearDown -->
      </class> <!-- pac1.Lab9TestNG4 -->
      <class name="pac1.Lab9TestNG3">
        <test-method is-config="true" signature="setUp(java.lang.String)[pri:0, instance:pac1.Lab9TestNG3@692f203f]" started-at="2025-08-26T16:25:45 IST" name="setUp" finished-at="2025-08-26T16:25:48 IST" duration-ms="3161" status="PASS">
          <params>
            <param index="0">
              <value>
                <![CDATA[firefox]]>
              </value>
            </param>
          </params>
          <reporter-output>
          </reporter-output>
        </test-method> <!-- setUp -->
        <test-method signature="lab3()[pri:0, instance:pac1.Lab9TestNG3@692f203f]" started-at="2025-08-26T16:25:48 IST" name="lab3" finished-at="2025-08-26T16:25:49 IST" duration-ms="775" status="PASS">
          <reporter-output>
          </reporter-output>
        </test-method> <!-- lab3 -->
        <test-method is-config="true" signature="tearDown()[pri:0, instance:pac1.Lab9TestNG3@692f203f]" started-at="2025-08-26T16:25:49 IST" name="tearDown" finished-at="2025-08-26T16:25:49 IST" duration-ms="491" status="PASS">
          <reporter-output>
          </reporter-output>
        </test-method> <!-- tearDown -->
      </class> <!-- pac1.Lab9TestNG3 -->
    </test> <!-- FireFoxTest -->
  </suite> <!-- Multi-Class Cross-Browser Suite -->
</testng-results>
