<?xml version="1.0" encoding="UTF-8"?>
<testng-results ignored="0" total="2" passed="2" failed="0" skipped="0">
  <reporter-output>
  </reporter-output>
  <suite started-at="2025-08-28T18:10:09 IST" name="Default suite" finished-at="2025-08-28T18:10:19 IST" duration-ms="9645">
    <groups>
    </groups>
    <test started-at="2025-08-28T18:10:09 IST" name="Default test" finished-at="2025-08-28T18:10:19 IST" duration-ms="9645">
      <class name="project.Testcases">
        <test-method is-config="true" signature="setUp()[pri:0, instance:project.Testcases@1623b78d]" started-at="2025-08-28T18:10:09 IST" name="setUp" finished-at="2025-08-28T18:10:11 IST" duration-ms="2128" status="PASS">
          <reporter-output>
          </reporter-output>
        </test-method> <!-- setUp -->
        <test-method signature="loginTest()[pri:1, instance:project.Testcases@1623b78d]" started-at="2025-08-28T18:10:11 IST" name="loginTest" finished-at="2025-08-28T18:10:17 IST" duration-ms="5707" status="PASS">
          <reporter-output>
          </reporter-output>
        </test-method> <!-- loginTest -->
        <test-method signature="logoutTest()[pri:2, instance:project.Testcases@1623b78d]" started-at="2025-08-28T18:10:17 IST" name="logoutTest" finished-at="2025-08-28T18:10:19 IST" depends-on-methods="project.Testcases.loginTest" duration-ms="1689" status="PASS">
          <reporter-output>
          </reporter-output>
        </test-method> <!-- logoutTest -->
        <test-method is-config="true" signature="tearDown()[pri:0, instance:project.Testcases@1623b78d]" started-at="2025-08-28T18:10:19 IST" name="tearDown" finished-at="2025-08-28T18:10:19 IST" duration-ms="103" status="PASS">
          <reporter-output>
          </reporter-output>
        </test-method> <!-- tearDown -->
      </class> <!-- project.Testcases -->
    </test> <!-- Default test -->
  </suite> <!-- Default suite -->
</testng-results>
